<?xml version="1.0" encoding="UTF-8"?>
<!-- Generated by org.testng.reporters.JUnitReportReporter -->
<testsuite hostname="Pratibha_Laptop" failures="0" tests="6" name="files.DynamicJson" time="2.235" errors="0" timestamp="2025-08-16T16:27:40 IST" skipped="0">
  <testcase classname="files.DynamicJson" name="deleteBook" time="0.109"/>
  <testcase classname="files.DynamicJson" name="deleteBook" time="0.134"/>
  <testcase classname="files.DynamicJson" name="deleteBook" time="0.115"/>
  <testcase classname="files.DynamicJson" name="addBook" time="0.142"/>
  <testcase classname="files.DynamicJson" name="addBook" time="0.145"/>
  <testcase classname="files.DynamicJson" name="addBook" time="1.590"/>
</testsuite> <!-- files.DynamicJson -->
