<?xml version="1.0" encoding="UTF-8"?>
<!-- Generated by org.testng.reporters.JUnitReportReporter -->
<testsuite hostname="Pratibha_Laptop" failures="0" tests="2" name="files.SpecBuilderTest" time="2.653" errors="0" timestamp="2025-08-25T21:43:07 IST" skipped="0">
  <testcase classname="files.SpecBuilderTest" name="testing" time="2.571"/>
  <testcase classname="files.SpecBuilderTest" name="testing" time="0.082"/>
</testsuite> <!-- files.SpecBuilderTest -->
