<?xml version="1.0" encoding="UTF-8"?>
<!-- Generated by org.testng.reporters.JUnitReportReporter -->
<testsuite hostname="Pratibha_Laptop" failures="0" tests="1" name="files.CreateBugAndAddAttachment" time="4.949" errors="0" timestamp="2025-08-18T19:25:36 IST" skipped="0">
  <testcase classname="files.CreateBugAndAddAttachment" name="createBug" time="4.949"/>
</testsuite> <!-- files.CreateBugAndAddAttachment -->
