<?xml version="1.0" encoding="UTF-8"?>
<!-- Generated by org.testng.reporters.JUnitReportReporter -->
<testsuite hostname="Pratibha_Laptop" failures="0" tests="2" name="files.SerializationDeSerializaionTest" time="5.052" errors="0" timestamp="2025-08-21T23:59:32 IST" skipped="0">
  <testcase classname="files.SerializationDeSerializaionTest" name="testing" time="3.501"/>
  <testcase classname="files.SerializationDeSerializaionTest" name="testing" time="1.551"/>
</testsuite> <!-- files.SerializationDeSerializaionTest -->
